# JRE version: OpenJDK Runtime Environment (8.0_112-b06) (build 1.8.0_112-release-b06)
# Java VM: OpenJDK 64-Bit Server VM (25.112-b06 mixed mode windows-amd64 compressed oops)
Heap:
 PSYoungGen      total 58368K, used 18963K [0x00000000e0000000, 0x00000000e4880000, 0x0000000100000000)
  eden space 44544K, 35% used [0x00000000e0000000,0x00000000e0f94d10,0x00000000e2b80000)
  from space 13824K, 21% used [0x00000000e3b00000,0x00000000e3df0000,0x00000000e4880000)
  to   space 14848K, 0% used [0x00000000e2b80000,0x00000000e2b80000,0x00000000e3a00000)
 ParOldGen       total 111104K, used 42963K [0x00000000a0000000, 0x00000000a6c80000, 0x00000000e0000000)
  object space 111104K, 38% used [0x00000000a0000000,0x00000000a29f4c48,0x00000000a6c80000)
 Metaspace       used 80833K, capacity 85718K, committed 89600K, reserved 1128448K
  class space    used 10088K, capacity 10737K, committed 11520K, reserved 1048576K
GC Heap History (10 events):
Event: 14688.110 GC heap before
{Heap before GC invocations=91 (full 4):
 PSYoungGen      total 60928K, used 56834K [0x00000000e0000000, 0x00000000e4a80000, 0x0000000100000000)
  eden space 46592K, 99% used [0x00000000e0000000,0x00000000e2d747e0,0x00000000e2d80000)
  from space 14336K, 71% used [0x00000000e3c80000,0x00000000e468c040,0x00000000e4a80000)
  to   space 14848K, 0% used [0x00000000e2d80000,0x00000000e2d80000,0x00000000e3c00000)
 ParOldGen       total 125440K, used 116810K [0x00000000a0000000, 0x00000000a7a80000, 0x00000000e0000000)
  object space 125440K, 93% used [0x00000000a0000000,0x00000000a7212ab0,0x00000000a7a80000)
 Metaspace       used 82773K, capacity 89244K, committed 89600K, reserved 1128448K
  class space    used 10498K, capacity 11419K, committed 11520K, reserved 1048576K
Event: 14688.118 GC heap after
Heap after GC invocations=91 (full 4):
 PSYoungGen      total 52736K, used 6168K [0x00000000e0000000, 0x00000000e4a00000, 0x0000000100000000)
  eden space 46080K, 0% used [0x00000000e0000000,0x00000000e0000000,0x00000000e2d00000)
  from space 6656K, 92% used [0x00000000e2d80000,0x00000000e3386178,0x00000000e3400000)
  to   space 14848K, 0% used [0x00000000e3b80000,0x00000000e3b80000,0x00000000e4a00000)
 ParOldGen       total 125440K, used 121906K [0x00000000a0000000, 0x00000000a7a80000, 0x00000000e0000000)
  object space 125440K, 97% used [0x00000000a0000000,0x00000000a770cb00,0x00000000a7a80000)
 Metaspace       used 82773K, capacity 89244K, committed 89600K, reserved 1128448K
  class space    used 10498K, capacity 11419K, committed 11520K, reserved 1048576K
}
Event: 18691.279 GC heap before
{Heap before GC invocations=92 (full 4):
 PSYoungGen      total 52736K, used 52248K [0x00000000e0000000, 0x00000000e4a00000, 0x0000000100000000)
  eden space 46080K, 100% used [0x00000000e0000000,0x00000000e2d00000,0x00000000e2d00000)
  from space 6656K, 92% used [0x00000000e2d80000,0x00000000e3386178,0x00000000e3400000)
  to   space 14848K, 0% used [0x00000000e3b80000,0x00000000e3b80000,0x00000000e4a00000)
 ParOldGen       total 125440K, used 121906K [0x00000000a0000000, 0x00000000a7a80000, 0x00000000e0000000)
  object space 125440K, 97% used [0x00000000a0000000,0x00000000a770cb00,0x00000000a7a80000)
 Metaspace       used 82834K, capacity 89426K, committed 89600K, reserved 1128448K
  class space    used 10511K, capacity 11432K, committed 11520K, reserved 1048576K
Event: 18691.313 GC heap after
Heap after GC invocations=92 (full 4):
 PSYoungGen      total 59904K, used 2080K [0x00000000e0000000, 0x00000000e4980000, 0x0000000100000000)
  eden space 45568K, 0% used [0x00000000e0000000,0x00000000e0000000,0x00000000e2c80000)
  from space 14336K, 14% used [0x00000000e3b80000,0x00000000e3d88040,0x00000000e4980000)
  to   space 14848K, 0% used [0x00000000e2c80000,0x00000000e2c80000,0x00000000e3b00000)
 ParOldGen       total 125440K, used 122130K [0x00000000a0000000, 0x00000000a7a80000, 0x00000000e0000000)
  object space 125440K, 97% used [0x00000000a0000000,0x00000000a7744b20,0x00000000a7a80000)
 Metaspace       used 82834K, capacity 89426K, committed 89600K, reserved 1128448K
  class space    used 10511K, capacity 11432K, committed 11520K, reserved 1048576K
}
Event: 18691.954 GC heap before
{Heap before GC invocations=93 (full 4):
 PSYoungGen      total 59904K, used 47648K [0x00000000e0000000, 0x00000000e4980000, 0x0000000100000000)
  eden space 45568K, 100% used [0x00000000e0000000,0x00000000e2c80000,0x00000000e2c80000)
  from space 14336K, 14% used [0x00000000e3b80000,0x00000000e3d88040,0x00000000e4980000)
  to   space 14848K, 0% used [0x00000000e2c80000,0x00000000e2c80000,0x00000000e3b00000)
 ParOldGen       total 125440K, used 122130K [0x00000000a0000000, 0x00000000a7a80000, 0x00000000e0000000)
  object space 125440K, 97% used [0x00000000a0000000,0x00000000a7744b20,0x00000000a7a80000)
 Metaspace       used 82839K, capacity 89426K, committed 89600K, reserved 1128448K
  class space    used 10511K, capacity 11432K, committed 11520K, reserved 1048576K
Event: 18691.958 GC heap after
Heap after GC invocations=93 (full 4):
 PSYoungGen      total 59904K, used 2736K [0x00000000e0000000, 0x00000000e4a00000, 0x0000000100000000)
  eden space 45056K, 0% used [0x00000000e0000000,0x00000000e0000000,0x00000000e2c00000)
  from space 14848K, 18% used [0x00000000e2c80000,0x00000000e2f2c030,0x00000000e3b00000)
  to   space 15360K, 0% used [0x00000000e3b00000,0x00000000e3b00000,0x00000000e4a00000)
 ParOldGen       total 125440K, used 122322K [0x00000000a0000000, 0x00000000a7a80000, 0x00000000e0000000)
  object space 125440K, 97% used [0x00000000a0000000,0x00000000a7774b20,0x00000000a7a80000)
 Metaspace       used 82839K, capacity 89426K, committed 89600K, reserved 1128448K
  class space    used 10511K, capacity 11432K, committed 11520K, reserved 1048576K
}
Event: 18691.958 GC heap before
{Heap before GC invocations=94 (full 5):
 PSYoungGen      total 59904K, used 2736K [0x00000000e0000000, 0x00000000e4a00000, 0x0000000100000000)
  eden space 45056K, 0% used [0x00000000e0000000,0x00000000e0000000,0x00000000e2c00000)
  from space 14848K, 18% used [0x00000000e2c80000,0x00000000e2f2c030,0x00000000e3b00000)
  to   space 15360K, 0% used [0x00000000e3b00000,0x00000000e3b00000,0x00000000e4a00000)
 ParOldGen       total 125440K, used 122322K [0x00000000a0000000, 0x00000000a7a80000, 0x00000000e0000000)
  object space 125440K, 97% used [0x00000000a0000000,0x00000000a7774b20,0x00000000a7a80000)
 Metaspace       used 82839K, capacity 89426K, committed 89600K, reserved 1128448K
  class space    used 10511K, capacity 11432K, committed 11520K, reserved 1048576K
Event: 18692.344 GC heap after
Heap after GC invocations=94 (full 5):
 PSYoungGen      total 59904K, used 0K [0x00000000e0000000, 0x00000000e4a00000, 0x0000000100000000)
  eden space 45056K, 0% used [0x00000000e0000000,0x00000000e0000000,0x00000000e2c00000)
  from space 14848K, 0% used [0x00000000e2c80000,0x00000000e2c80000,0x00000000e3b00000)
  to   space 15360K, 0% used [0x00000000e3b00000,0x00000000e3b00000,0x00000000e4a00000)
 ParOldGen       total 111104K, used 42963K [0x00000000a0000000, 0x00000000a6c80000, 0x00000000e0000000)
  object space 111104K, 38% used [0x00000000a0000000,0x00000000a29f4c48,0x00000000a6c80000)
 Metaspace       used 80787K, capacity 85664K, committed 89600K, reserved 1128448K
  class space    used 10083K, capacity 10728K, committed 11520K, reserved 1048576K
}
Event: 18692.484 GC heap before
{Heap before GC invocations=95 (full 5):
 PSYoungGen      total 59904K, used 45056K [0x00000000e0000000, 0x00000000e4a00000, 0x0000000100000000)
  eden space 45056K, 100% used [0x00000000e0000000,0x00000000e2c00000,0x00000000e2c00000)
  from space 14848K, 0% used [0x00000000e2c80000,0x00000000e2c80000,0x00000000e3b00000)
  to   space 15360K, 0% used [0x00000000e3b00000,0x00000000e3b00000,0x00000000e4a00000)
 ParOldGen       total 111104K, used 42963K [0x00000000a0000000, 0x00000000a6c80000, 0x00000000e0000000)
  object space 111104K, 38% used [0x00000000a0000000,0x00000000a29f4c48,0x00000000a6c80000)
 Metaspace       used 80813K, capacity 85700K, committed 89600K, reserved 1128448K
  class space    used 10086K, capacity 10734K, committed 11520K, reserved 1048576K
Event: 18692.488 GC heap after
Heap after GC invocations=95 (full 5):
 PSYoungGen      total 58368K, used 3008K [0x00000000e0000000, 0x00000000e4880000, 0x0000000100000000)
  eden space 44544K, 0% used [0x00000000e0000000,0x00000000e0000000,0x00000000e2b80000)
  from space 13824K, 21% used [0x00000000e3b00000,0x00000000e3df0000,0x00000000e4880000)
  to   space 14848K, 0% used [0x00000000e2b80000,0x00000000e2b80000,0x00000000e3a00000)
 ParOldGen       total 111104K, used 42963K [0x00000000a0000000, 0x00000000a6c80000, 0x00000000e0000000)
  object space 111104K, 38% used [0x00000000a0000000,0x00000000a29f4c48,0x00000000a6c80000)
 Metaspace       used 80813K, capacity 85700K, committed 89600K, reserved 1128448K
  class space    used 10086K, capacity 10734K, committed 11520K, reserved 1048576K
}

